<?xml version="1.0" encoding="UTF-8"?>
<!-- Generated by org.testng.reporters.JUnitXMLReporter -->
<testsuite ignored="0" hostname="DESKTOP-64CO17K" failures="0" tests="4" name="SeleniumProject" time="35.763" errors="0" timestamp="2023-08-02T21:50:05 IST">
  <testcase classname="org.test.Sample" name="loginFailed" time="0.004"/>
  <testcase classname="org.test.Sample" name="logintest" time="0.001"/>
  <testcase classname="org.test.BrowserLaunch" name="launchurl" time="10.009"/>
  <testcase classname="org.test.BrowserLaunch" name="searchanygoogle" time="0.96"/>
</testsuite> <!-- SeleniumProject -->
